1713857046212	geckodriver	INFO	Listening on 127.0.0.1:59688
1713857086973	geckodriver	INFO	Listening on 127.0.0.1:59725
1713857481478	geckodriver	INFO	Listening on 127.0.0.1:59937
1713857732642	geckodriver	INFO	Listening on 127.0.0.1:60081
1713857972239	geckodriver	INFO	Listening on 127.0.0.1:60248
1713858414476	geckodriver	INFO	Listening on 127.0.0.1:60518
1713858702473	geckodriver	INFO	Listening on 127.0.0.1:60710
1713859052752	geckodriver	INFO	Listening on 127.0.0.1:60921
1713859198464	geckodriver	INFO	Listening on 127.0.0.1:61028
1713859380645	geckodriver	INFO	Listening on 127.0.0.1:61139
1713859600842	geckodriver	INFO	Listening on 127.0.0.1:61292
1713866273591	geckodriver	INFO	Listening on 127.0.0.1:63129
1713867201092	geckodriver	INFO	Listening on 127.0.0.1:63629
1713867204113	mozrunner::runner	INFO	Running command: "C:\\Program Files\\Mozilla Firefox\\firefox.exe" "--marionette" "-headless" "--no-sandbox" "--disable-dev-s ... " "--remote-allow-hosts" "localhost" "-no-remote" "-profile" "C:\\Users\\SamFdo\\AppData\\Local\\Temp\\rust_mozprofileux6I6T"
*** You are running in headless mode.
1713867312328	geckodriver	INFO	Listening on 127.0.0.1:63774
1713867315317	mozrunner::runner	INFO	Running command: "C:\\Program Files\\Mozilla Firefox\\firefox.exe" "--marionette" "-headless" "--no-sandbox" "--disable-dev-s ... " "--remote-allow-hosts" "localhost" "-no-remote" "-profile" "C:\\Users\\SamFdo\\AppData\\Local\\Temp\\rust_mozprofileGZSBoC"
*** You are running in headless mode.
console.warn: services.settings: Ignoring preference override of remote settings server
console.warn: services.settings: Allow by setting MOZ_REMOTE_SETTINGS_DEVTOOLS=1 in the environment
1713867317785	Marionette	INFO	Marionette enabled
Dynamically enable window occlusion 0
console.error: "Warning: unrecognized command line flag -no-sandbox\n"
1713867318211	Marionette	INFO	Listening on port 2828
WebDriver BiDi listening on ws://127.0.0.1:63775
[GFX1-]: RenderCompositorSWGL failed mapping default framebuffer, no dt
JavaScript error: resource://gre/modules/TelemetryUtils.sys.mjs, line 143: TypeError: date is undefined
console.error: ({})
DevTools listening on ws://127.0.0.1:63775/devtools/browser/1813aedc-aa72-4dc3-96a9-c39a69b262db
1713867456283	geckodriver	INFO	Listening on 127.0.0.1:63901
1713867459309	mozrunner::runner	INFO	Running command: "C:\\Program Files\\Mozilla Firefox\\firefox.exe" "--marionette" "-headless" "--no-sandbox" "--disable-dev-s ... " "--remote-allow-hosts" "localhost" "-no-remote" "-profile" "C:\\Users\\SamFdo\\AppData\\Local\\Temp\\rust_mozprofilefe420p"
*** You are running in headless mode.
console.warn: services.settings: Ignoring preference override of remote settings server
console.warn: services.settings: Allow by setting MOZ_REMOTE_SETTINGS_DEVTOOLS=1 in the environment
1713867461683	Marionette	INFO	Marionette enabled
Dynamically enable window occlusion 0
console.error: "Warning: unrecognized command line flag -no-sandbox\n"
1713867461933	Marionette	INFO	Listening on port 2828
WebDriver BiDi listening on ws://127.0.0.1:63902
[GFX1-]: RenderCompositorSWGL failed mapping default framebuffer, no dt
JavaScript error: resource://gre/modules/TelemetryUtils.sys.mjs, line 143: TypeError: date is undefined
console.error: ({})
DevTools listening on ws://127.0.0.1:63902/devtools/browser/5b3fbc56-cbaf-4005-952c-e5aa389dcf6f
1713867635895	geckodriver	INFO	Listening on 127.0.0.1:64596
1713867638919	mozrunner::runner	INFO	Running command: "C:\\Program Files\\Mozilla Firefox\\firefox.exe" "--marionette" "-headless" "--no-sandbox" "--disable-dev-s ... " "--remote-allow-hosts" "localhost" "-no-remote" "-profile" "C:\\Users\\SamFdo\\AppData\\Local\\Temp\\rust_mozprofileibKjMo"
*** You are running in headless mode.
console.warn: services.settings: Ignoring preference override of remote settings server
console.warn: services.settings: Allow by setting MOZ_REMOTE_SETTINGS_DEVTOOLS=1 in the environment
1713867641421	Marionette	INFO	Marionette enabled
Dynamically enable window occlusion 0
console.error: "Warning: unrecognized command line flag -no-sandbox\n"
1713867641760	Marionette	INFO	Listening on port 2828
WebDriver BiDi listening on ws://127.0.0.1:64597
[GFX1-]: RenderCompositorSWGL failed mapping default framebuffer, no dt
JavaScript error: resource://gre/modules/TelemetryUtils.sys.mjs, line 143: TypeError: date is undefined
console.error: ({})
DevTools listening on ws://127.0.0.1:64597/devtools/browser/1a8a97b8-ccd5-45a6-ba15-5552645297ed
1713868743702	geckodriver	INFO	Listening on 127.0.0.1:49346
1713868746718	mozrunner::runner	INFO	Running command: "C:\\Program Files\\Mozilla Firefox\\firefox.exe" "--marionette" "-headless" "--disable-dev-shm-usage" "--re ... " "--remote-allow-hosts" "localhost" "-no-remote" "-profile" "C:\\Users\\SamFdo\\AppData\\Local\\Temp\\rust_mozprofileKcO8wE"
*** You are running in headless mode.
console.warn: services.settings: Ignoring preference override of remote settings server
console.warn: services.settings: Allow by setting MOZ_REMOTE_SETTINGS_DEVTOOLS=1 in the environment
1713868749651	Marionette	INFO	Marionette enabled
Dynamically enable window occlusion 0
console.error: "Warning: unrecognized command line flag -disable-dev-shm-usage\n"
1713868750021	Marionette	INFO	Listening on port 2828
WebDriver BiDi listening on ws://127.0.0.1:49347
[GFX1-]: RenderCompositorSWGL failed mapping default framebuffer, no dt
JavaScript error: resource://gre/modules/TelemetryUtils.sys.mjs, line 143: TypeError: date is undefined
console.error: ({})
DevTools listening on ws://127.0.0.1:49347/devtools/browser/d8af3e07-f686-4739-94e7-88f65e9142ac
1713868826917	geckodriver	INFO	Listening on 127.0.0.1:49715
1713868829912	mozrunner::runner	INFO	Running command: "C:\\Program Files\\Mozilla Firefox\\firefox.exe" "--marionette" "-headless" "--disable-dev-shm-usage" "--re ... " "--remote-allow-hosts" "localhost" "-no-remote" "-profile" "C:\\Users\\SamFdo\\AppData\\Local\\Temp\\rust_mozprofileuRCuU5"
*** You are running in headless mode.
console.warn: services.settings: Ignoring preference override of remote settings server
console.warn: services.settings: Allow by setting MOZ_REMOTE_SETTINGS_DEVTOOLS=1 in the environment
1713868832589	Marionette	INFO	Marionette enabled
Dynamically enable window occlusion 0
console.error: "Warning: unrecognized command line flag -disable-dev-shm-usage\n"
1713868832885	Marionette	INFO	Listening on port 2828
WebDriver BiDi listening on ws://127.0.0.1:49716
[GFX1-]: RenderCompositorSWGL failed mapping default framebuffer, no dt
JavaScript error: resource://gre/modules/TelemetryUtils.sys.mjs, line 143: TypeError: date is undefined
console.error: ({})
DevTools listening on ws://127.0.0.1:49716/devtools/browser/1984a3b0-a06d-4c8f-8869-85a501627cab
1713869332870	geckodriver	INFO	Listening on 127.0.0.1:50571
1713869335912	mozrunner::runner	INFO	Running command: "C:\\Program Files\\Mozilla Firefox\\firefox.exe" "--marionette" "-headless" "--remote-debugging-port" "5057 ... " "--remote-allow-hosts" "localhost" "-no-remote" "-profile" "C:\\Users\\SamFdo\\AppData\\Local\\Temp\\rust_mozprofileGGsh7q"
*** You are running in headless mode.
console.warn: services.settings: Ignoring preference override of remote settings server
console.warn: services.settings: Allow by setting MOZ_REMOTE_SETTINGS_DEVTOOLS=1 in the environment
1713869338491	Marionette	INFO	Marionette enabled
Dynamically enable window occlusion 0
1713869339014	Marionette	INFO	Listening on port 2828
WebDriver BiDi listening on ws://127.0.0.1:50572
[GFX1-]: RenderCompositorSWGL failed mapping default framebuffer, no dt
JavaScript error: resource://gre/modules/TelemetryUtils.sys.mjs, line 143: TypeError: date is undefined
console.error: ({})
DevTools listening on ws://127.0.0.1:50572/devtools/browser/635e3e0a-11ce-444d-997f-46063ca37417
1713869406623	geckodriver	INFO	Listening on 127.0.0.1:50733
1713869410074	mozrunner::runner	INFO	Running command: "C:\\Program Files\\Mozilla Firefox\\firefox.exe" "--marionette" "-headless" "--remote-debugging-port" "5073 ... " "--remote-allow-hosts" "localhost" "-no-remote" "-profile" "C:\\Users\\SamFdo\\AppData\\Local\\Temp\\rust_mozprofileljVPjj"
*** You are running in headless mode.
console.warn: services.settings: Ignoring preference override of remote settings server
console.warn: services.settings: Allow by setting MOZ_REMOTE_SETTINGS_DEVTOOLS=1 in the environment
1713869412722	Marionette	INFO	Marionette enabled
Dynamically enable window occlusion 0
1713869413012	Marionette	INFO	Listening on port 2828
WebDriver BiDi listening on ws://127.0.0.1:50734
[GFX1-]: RenderCompositorSWGL failed mapping default framebuffer, no dt
JavaScript error: resource://gre/modules/TelemetryUtils.sys.mjs, line 143: TypeError: date is undefined
console.error: ({})
DevTools listening on ws://127.0.0.1:50734/devtools/browser/988ed75f-ded7-4161-aa66-ebcbcac34260
1713932851210	geckodriver	INFO	Listening on 127.0.0.1:49815
1713932854265	mozrunner::runner	INFO	Running command: "C:\\Program Files\\Mozilla Firefox\\firefox.exe" "--marionette" "-headless" "--remote-debugging-port" "4981 ... " "--remote-allow-hosts" "localhost" "-no-remote" "-profile" "C:\\Users\\SamFdo\\AppData\\Local\\Temp\\rust_mozprofileSNll0l"
*** You are running in headless mode.
console.warn: services.settings: Ignoring preference override of remote settings server
console.warn: services.settings: Allow by setting MOZ_REMOTE_SETTINGS_DEVTOOLS=1 in the environment
1713932855468	Marionette	INFO	Marionette enabled
Dynamically enable window occlusion 0
1713932855594	Marionette	INFO	Listening on port 2828
WebDriver BiDi listening on ws://127.0.0.1:49816
1713932855890	RemoteAgent	WARN	TLS certificate errors will be ignored for this session
[GFX1-]: RenderCompositorSWGL failed mapping default framebuffer, no dt
JavaScript error: resource://gre/modules/TelemetryUtils.sys.mjs, line 143: TypeError: date is undefined
console.error: ({})
DevTools listening on ws://127.0.0.1:49816/devtools/browser/a1e46e51-1257-49e8-b629-077047d95fad
console.warn: LoginRecipes: "Falling back to a synchronous message for: https://quip-amazon.com."
console.warn: LoginRecipes: "Falling back to a synchronous message for: https://midway-auth.amazon.com."
console.warn: LoginRecipes: "Falling back to a synchronous message for: https://midway-auth.amazon.com."
console.warn: LoginRecipes: "Falling back to a synchronous message for: https://midway-auth.amazon.com."
console.warn: LoginRecipes: "Falling back to a synchronous message for: https://midway-auth.amazon.com."
console.warn: LoginRecipes: "Falling back to a synchronous message for: https://midway-auth.amazon.com."
console.warn: LoginRecipes: "Falling back to a synchronous message for: https://midway-auth.amazon.com."
console.warn: LoginRecipes: "Falling back to a synchronous message for: https://midway-auth.amazon.com."
console.warn: LoginRecipes: "Falling back to a synchronous message for: https://midway-auth.amazon.com."
console.warn: LoginRecipes: "Falling back to a synchronous message for: https://midway-auth.amazon.com."
console.warn: LoginRecipes: "Falling back to a synchronous message for: https://midway-auth.amazon.com."
JavaScript warning: https://midway-auth.amazon.com/assets/application-47b0eada9d17d25506fc9bc117fa97179dd5e82e63ebffc35c0992df47343b46.js, line 5: WEBGL_debug_renderer_info is deprecated in Firefox and will be removed. Please use RENDERER.
console.error: ({})
JavaScript warning: https://midway-auth.amazon.com/assets/application-47b0eada9d17d25506fc9bc117fa97179dd5e82e63ebffc35c0992df47343b46.js, line 5: WEBGL_debug_renderer_info is deprecated in Firefox and will be removed. Please use RENDERER.
1713933088697	Marionette	WARN	Connection attempt denied because an active session has been found
1713933088799	Marionette	WARN	Connection attempt denied because an active session has been found
1713933088903	Marionette	WARN	Connection attempt denied because an active session has been found
1713933089006	Marionette	WARN	Connection attempt denied bec*** You are running in headless mode.
console.warn: services.settings: Ignoring preference override of remote settings server
console.warn: services.settings: Allow by setting MOZ_REMOTE_SETTINGS_DEVTOOLS=1 in the environment
1713933090909	Marionette	INFO	Marionette enabled
Dynamically enable window occlusion 0
1713933091102	Marionette	INFO	Listening on port 2828
WebDriver BiDi listening on ws://127.0.0.1:56139
[GFX1-]: RenderCompositorSWGL failed mapping default framebuffer, no dt
JavaScript error: resource://gre/modules/TelemetryUtils.sys.mjs, line 143: TypeError: date is undefined
console.error: ({})
DevTools listening on ws://127.0.0.1:56139/devtools/browser/58d0b839-d5a4-46d3-aaeb-17489e7230e4
ound
1713933089831	Marionette	WARN	Connection attempt denied because an active session has been found
1713933089934	Marionette	WARN	Connection attempt denied because an active session has been found
1713933090037	Marionette	WARN	Connection attempt denied because an active session has been found
1713933090141	Marionette	WARN	Connection attempt denied because an active session has been found
1713933090243	Marionette	WARN	Connection attempt denied because an active session has been found
1713933090346	Marionette	WARN	Connection attempt denied because an active session has been found
1713933090449	Marionette	WARN	Connection attempt denied because an active session has been found
1713933090552	Marionette	WARN	Connection attempt denied because an active session has been found
1713933090655	Marionette	WARN	Connection attempt denied because an active session has been found
1713933090757	Marionette	WARN	Connection attempt denied because an active session has been found
1713933090860	Marionette	WARN	Connection attempt denied because an active session has been found
1713933090962	Marionette	WARN	Connection attempt denied because an active session has been found
1713933091065	Marionette	WARN	Connection attempt denied because an active session has been found
1713933091167	Marionette	WARN	Connection attempt denied because an active session has been found
1713933091270	Marionette	WARN	Connection attempt denied because an active session has been found
1713933091373	Marionette	WARN	Connection attempt denied because an active session has been found
1713933091475	Marionette	WARN	Connection attempt denied because an active session has been found
1713933091578	Marionette	WARN	Connection attempt denied because an active session has been found
1713933091681	Marionette	WARN	Connection attempt denied because an active session has been found
1713933091784	Marionette	WARN	Connection attempt denied because an active session has been found
1713933091888	Marionette	WARN	Connection attempt denied because an active session has been found
1713933091992	Marionette	WARN	Connection attempt denied because an active session has been found
1713933092094	Marionette	WARN	Connection attempt denied because an active session has been found
1713933092197	Marionette	WARN	Connection attempt denied because an active session has been found
1713933092300	Marionette	WARN	Connection attempt denied because an active session has been found
1713933092403	Marionette	WARN	Connection attempt denied because an active session has been found
1713933092505	Marionette	WARN	Connection attempt denied because an active session has been found
1713933092607	Marionette	WARN	Connection attempt denied because an active session has been found
1713933092709	Marionette	WARN	Connection attempt denied because an active session has been found
1713933092811	Marionette	WARN	Connection attempt denied because an active session has been found
1713933092913	Marionette	WARN	Connection attempt denied because an active session has been found
1713933093016	Marionette	WARN	Connection attempt denied because an active session has been found
1713933093118	Marionette	WARN	Connection attempt denied because an active session has been found
1713933093220	Marionette	WARN	Connection attempt denied because an active session has been found
1713933093323	Marionette	WARN	Connection attempt denied because an active session has been found
1713933093425	Marionette	WARN	Connection attempt denied because an active session has been found
1713933093527	Marionette	WARN	Connection attempt denied because an active session has been found
1713933093629	Marionette	WARN	Connection attempt denied because an active session has been found
1713933093732	Marionette	WARN	Connection attempt denied because an active session has been found
1713933093834	Marionette	WARN	Connection attempt denied because an active session has been found
1713933093936	Marionette	WARN	Connection attempt denied because an active session has been found
1713933094038	Marionette	WARN	Connection attempt denied because an active session has been found
1713933094140	Marionette	WARN	Connection attempt denied because an active session has been found
1713933094242	Marionette	WARN	Connection attempt denied because an active session has been found
1713933094344	Marionette	WARN	Connection attempt denied because an active session has been found
1713933094446	Marionette	WARN	Connection attempt denied because an active session has been found
1713933094549	Marionette	WARN	Connection attempt denied because an active session has been found
1713933094651	Marionette	WARN	Connection attempt denied because an active session has been found
1713933094753	Marionette	WARN	Connection attempt denied because an active session has been found
1713933094855	Marionette	WARN	Connection attempt denied because an active session has been found
1713933094957	Marionette	WARN	Connection attempt denied because an active session has been found
1713933095060	Marionette	WARN	Connection attempt denied because an active session has been found
1713933095162	Marionette	WARN	Connection attempt denied because an active session has been found
1713933095265	Marionette	WARN	Connection attempt denied because an active session has been found
1713933095367	Marionette	WARN	Connection attempt denied because an active session has been found
1713933095469	Marionette	WARN	Connection attempt denied because an active session has been found
1713933095571	Marionette	WARN	Connection attempt denied because an active session has been found
1713933095674	Marionette	WARN	Connection attempt denied because an active session has been found
1713933095777	Marionette	WARN	Connection attempt denied because an active session has been found
1713933095879	Marionette	WARN	Connection attempt denied because an active session has been found
1713933095981	Marionette	WARN	Connection attempt denied because an active session has been found
1713933096084	Marionette	WARN	Connection attempt denied because an active session has been found
1713933096186	Marionette	WARN	Connection attempt denied because an active session has been found
1713933096288	Marionette	WARN	Connection attempt denied because an active session has been found
1713933096391	Marionette	WARN	Connection attempt denied because an active session has been found
1713933096494	Marionette	WARN	Connection attempt denied because an active session has been found
1713933096596	Marionette	WARN	Connection attempt denied because an active session has been found
1713933096698	Marionette	WARN	Connection attempt denied because an active session has been found
1713933096801	Marionette	WARN	Connection attempt denied because an active session has been found
1713933096903	Marionette	WARN	Connection attempt denied because an active session has been found
1713933097006	Marionette	WARN	Connection attempt denied because an active session has been found
1713933097108	Marionette	WARN	Connection attempt denied because an active session has been found
1713933097210	Marionette	WARN	Connection attempt denied because an active session has been found
1713933097312	Marionette	WARN	Connection attempt denied because an active session has been found
1713933097414	Marionette	WARN	Connection attempt denied because an active session has been found
1713933097515	Marionette	WARN	Connection attempt denied because an active session has been found
1713933097619	Marionette	WARN	Connection attempt denied because an active session has been found
1713933097721	Marionette	WARN	Connection attempt denied because an active session has been found
1713933097824	Marionette	WARN	Connection attempt denied because an active session has been found
1713933097927	Marionette	WARN	Connection attempt denied because an active session has been found
1713933098029	Marionette	WARN	Connection attempt denied because an active session has been found
1713933098132	Marionette	WARN	Connection attempt denied because an active session has been found
1713933098234	Marionette	WARN	Connection attempt denied because an active session has been found
1713933098336	Marionette	WARN	Connection attempt denied because an active session has been found
1713933098439	Marionette	WARN	Connection attempt denied because an active session has been found
1713933098541	Marionette	WARN	Connection attempt denied because an active session has been found
1713933098643	Marionette	WARN	Connection attempt denied because an active session has been found
1713933098746	Marionette	WARN	Connection attempt denied because an active session has been found
1713933098849	Marionette	WARN	Connection attempt denied because an active session has been found
1713933098951	Marionette	WARN	Connection attempt denied because an active session has been found
1713933099054	Marionette	WARN	Connection attempt denied because an active session has been found
1713933099156	Marionette	WARN	Connection attempt denied because an active session has been found
1713933099259	Marionette	WARN	Connection attempt denied because an active session has been found
1713933099362	Marionette	WARN	Connection attempt denied because an active session has been found
1713933099464	Marionette	WARN	Connection attempt denied because an active session has been found
1713933099567	Marionette	WARN	Connection attempt denied because an active session has been found
1713933099669	Marionette	WARN	Connection attempt denied because an active session has been found
1713933099772	Marionette	WARN	Connection attempt denied because an active session has been found
1713933099874	Marionette	WARN	Connection attempt denied because an active session has been found
1713933099977	Marionette	WARN	Connection attempt denied because an active session has been found
1713933100079	Marionette	WARN	Connection attempt denied because an active session has been found
1713933100181	Marionette	WARN	Connection attempt denied because an active session has been found
1713933100283	Marionette	WARN	Connection attempt denied because an active session has been found
1713933100385	Marionette	WARN	Connection attempt denied because an active session has been found
1713933100487	Marionette	WARN	Connection attempt denied because an active session has been found
1713933100588	Marionette	WARN	Connection attempt denied because an active session has been found
1713933100690	Marionette	WARN	Connection attempt denied because an active session has been found
1713933100793	Marionette	WARN	Connection attempt denied because an active session has been found
1713933100895	Marionette	WARN	Connection attempt denied because an active session has been found
1713933100997	Marionette	WARN	Connection attempt denied because an active session has been found
1713933101100	Marionette	WARN	Connection attempt denied because an active session has been found
1713933101202	Marionette	WARN	Connection attempt denied because an active session has been found
1713933101303	Marionette	WARN	Connection attempt denied because an active session has been found
1713933101405	Marionette	WARN	Connection attempt denied because an active session has been found
1713933101509	Marionette	WARN	Connection attempt denied because an active session has been found
1713933101612	Marionette	WARN	Connection attempt denied because an active session has been found
1713933101715	Marionette	WARN	Connection attempt denied because an active session has been found
1713933101817	Marionette	WARN	Connection attempt denied because an active session has been found
1713933101920	Marionette	WARN	Connection attempt denied because an active session has been found
1713933102022	Marionette	WARN	Connection attempt denied because an active session has been found
1713933102125	Marionette	WARN	Connection attempt denied because an active session has been found
1713933102226	Marionette	WARN	Connection attempt denied because an active session has been found
1713933102329	Marionette	WARN	Connection attempt denied because an active session has been found
1713933102432	Marionette	WARN	Connection attempt denied because an active session has been found
1713933102534	Marionette	WARN	Connection attempt denied because an active session has been found
1713933102637	Marionette	WARN	Connection attempt denied because an active session has been found
1713933102740	Marionette	WARN	Connection attempt denied because an active session has been found
1713933102842	Marionette	WARN	Connection attempt denied because an active session has been found
1713933102945	Marionette	WARN	Connection attempt denied because an active session has been found
1713933103048	Marionette	WARN	Connection attempt denied because an active session has been found
1713933103152	Marionette	WARN	Connection attempt denied because an active session has been found
1713933103255	Marionette	WARN	Connection attempt denied because an active session has been found
1713933103357	Marionette	WARN	Connection attempt denied because an active session has been found
1713933103459	Marionette	WARN	Connection attempt denied because an active session has been found
1713933103562	Marionette	WARN	Connection attempt denied because an active session has been found
1713933103664	Marionette	WARN	Connection attempt denied because an active session has been found
1713933103766	Marionette	WARN	Connection attempt denied because an active session has been found
1713933103868	Marionette	WARN	Connection attempt denied because an active session has been found
1713933103971	Marionette	WARN	Connection attempt denied because an active session has been found
1713933104073	Marionette	WARN	Connection attempt denied because an active session has been found
1713933104175	Marionette	WARN	Connection attempt denied because an active session has been found
1713933104277	Marionette	WARN	Connection attempt denied because an active session has been found
1713933104379	Marionette	WARN	Connection attempt denied because an active session has been found
1713933104482	Marionette	WARN	Connection attempt denied because an active session has been found
1713933104584	Marionette	WARN	Connection attempt denied because an active session has been found
1713933104687	Marionette	WARN	Connection attempt denied because an active session has been found
1713933104789	Marionette	WARN	Connection attempt denied because an active session has been found
1713933104891	Marionette	WARN	Connection attempt denied because an active session has been found
1713933104994	Marionette	WARN	Connection attempt denied because an active session has been found
1713933105097	Marionette	WARN	Connection attempt denied because an active session has been found
1713933105200	Marionette	WARN	Connection attempt denied because an active session has been found
1713933105303	Marionette	WARN	Connection attempt denied because an active session has been found
1713933105406	Marionette	WARN	Connection attempt denied because an active session has been found
1713933105508	Marionette	WARN	Connection attempt denied because an active session has been found
1713933105610	Marionette	WARN	Connection attempt denied because an active session has been found
1713933105713	Marionette	WARN	Connection attempt denied because an active session has been found
1713933105816	Marionette	WARN	Connection attempt denied because an active session has been found
1713933105918	Marionette	WARN	Connection attempt denied because an active session has been found
1713933106021	Marionette	WARN	Connection attempt denied because an active session has been found
1713933106124	Marionette	WARN	Connection attempt denied because an active session has been found
1713933106226	Marionette	WARN	Connection attempt denied because an active session has been found
1713933106329	Marionette	WARN	Connection attempt denied because an active session has been found
1713933106432	Marionette	WARN	Connection attempt denied because an active session has been found
1713933106536	Marionette	WARN	Connection attempt denied because an active session has been found
1713933106638	Marionette	WARN	Connection attempt denied because an active session has been found
1713933106741	Marionette	WARN	Connection attempt denied because an active session has been found
1713933106842	Marionette	WARN	Connection attempt denied because an active session has been found
1713933106945	Marionette	WARN	Connection attempt denied because an active session has been found
1713933107048	Marionette	WARN	Connection attempt denied because an active session has been found
1713933107150	Marionette	WARN	Connection attempt denied because an active session has been found
1713933107252	Marionette	WARN	Connection attempt denied because an active session has been found
1713933107354	Marionette	WARN	Connection attempt denied because an active session has been found
1713933107458	Marionette	WARN	Connection attempt denied because an active session has been found
1713933107560	Marionette	WARN	Connection attempt denied because an active session has been found
1713933107663	Marionette	WARN	Connection attempt denied because an active session has been found
1713933107767	Marionette	WARN	Connection attempt denied because an active session has been found
1713933107870	Marionette	WARN	Connection attempt denied because an active session has been found
1713933107973	Marionette	WARN	Connection attempt denied because an active session has been found
1713933108075	Marionette	WARN	Connection attempt denied because an active session has been found
1713933108177	Marionette	WARN	Connection attempt denied because an active session has been found
1713933108280	Marionette	WARN	Connection attempt denied because an active session has been found
1713933108382	Marionette	WARN	Connection attempt denied because an active session has been found
1713933108483	Marionette	WARN	Connection attempt denied because an active session has been found
1713933108586	Marionette	WARN	Connection attempt denied because an active session has been found
1713933108689	Marionette	WARN	Connection attempt denied because an active session has been found
1713933108791	Marionette	WARN	Connection attempt denied because an active session has been found
1713933108894	Marionette	WARN	Connection attempt denied because an active session has been found
1713933108995	Marionette	WARN	Connection attempt denied because an active session has been found
1713933109098	Marionette	WARN	Connection attempt denied because an active session has been found
1713933109201	Marionette	WARN	Connection attempt denied because an active session has been found
1713933109303	Marionette	WARN	Connection attempt denied because an active session has been found
1713933109405	Marionette	WARN	Connection attempt denied because an active session has been found
1713933109508	Marionette	WARN	Connection attempt denied because an active session has been found
1713933109610	Marionette	WARN	Connection attempt denied because an active session has been found
1713933109712	Marionette	WARN	Connection attempt denied because an active session has been found
1713933109815	Marionette	WARN	Connection attempt denied because an active session has been found
1713933109917	Marionette	WARN	Connection attempt denied because an active session has been found
1713933110020	Marionette	WARN	Connection attempt denied because an active session has been found
1713933110122	Marionette	WARN	Connection attempt denied because an active session has been found
1713933110225	Marionette	WARN	Connection attempt denied because an active session has been found
1713933110327	Marionette	WARN	Connection attempt denied because an active session has been found
1713933110429	Marionette	WARN	Connection attempt denied because an active session has been found
1713933110533	Marionette	WARN	Connection attempt denied because an active session has been found
1713933110635	Marionette	WARN	Connection attempt denied because an active session has been found
1713933110738	Marionette	WARN	Connection attempt denied because an active session has been found
1713933110841	Marionette	WARN	Connection attempt denied because an active session has been found
1713933110944	Marionette	WARN	Connection attempt denied because an active session has been found
1713933111050	Marionette	WARN	Connection attempt denied because an active session has been found
1713933111151	Marionette	WARN	Connection attempt denied because an active session has been found
1713933111253	Marionette	WARN	Connection attempt denied because an active session has been found
1713933111354	Marionette	WARN	Connection attempt denied because an active session has been found
1713933111456	Marionette	WARN	Connection attempt denied because an active session has been found
1713933111558	Marionette	WARN	Connection attempt denied because an active session has been found
1713933111670	Marionette	WARN	Connection attempt denied because an active session has been found
1713933111772	Marionette	WARN	Connection attempt denied because an active session has been found
1713933111875	Marionette	WARN	Connection attempt denied because an active session has been found
1713933111977	Marionette	WARN	Connection attempt denied because an active session has been found
1713933112079	Marionette	WARN	Connection attempt denied because an active session has been found
1713933112181	Marionette	WARN	Connection attempt denied because an active session has been found
1713933112284	Marionette	WARN	Connection attempt denied because an active session has been found
1713933112386	Marionette	WARN	Connection attempt denied because an active session has been found
1713933112488	Marionette	WARN	Connection attempt denied because an active session has been found
1713933112590	Marionette	WARN	Connection attempt denied because an active session has been found
1713933112691	Marionette	WARN	Connection attempt denied because an active session has been found
1713933112794	Marionette	WARN	Connection attempt denied because an active session has been found
1713933112897	Marionette	WARN	Connection attempt denied because an active session has been found
1713933113000	Marionette	WARN	Connection attempt denied because an active session has been found
1713933113102	Marionette	WARN	Connection attempt denied because an active session has been found
1713933113203	Marionette	WARN	Connection attempt denied because an active session has been found
1713933113305	Marionette	WARN	Connection attempt denied because an active session has been found
1713933113408	Marionette	WARN	Connection attempt denied because an active session has been found
1713933113510	Marionette	WARN	Connection attempt denied because an active session has been found
1713933113612	Marionette	WARN	Connection attempt denied because an active session has been found
1713933113715	Marionette	WARN	Connection attempt denied because an active session has been found
1713933113817	Marionette	WARN	Connection attempt denied because an active session has been found
1713933113919	Marionette	WARN	Connection attempt denied because an active session has been found
1713933114022	Marionette	WARN	Connection attempt denied because an active session has been found
1713933114125	Marionette	WARN	Connection attempt denied because an active session has been found
1713933114227	Marionette	WARN	Connection attempt denied because an active session has been found
1713933114330	Marionette	WARN	Connection attempt denied because an active session has been found
1713933114433	Marionette	WARN	Connection attempt denied because an active session has been found
1713933114535	Marionette	WARN	Connection attempt denied because an active session has been found
1713933114638	Marionette	WARN	Connection attempt denied because an active session has been found
1713933114741	Marionette	WARN	Connection attempt denied because an active session has been found
1713933114843	Marionette	WARN	Connection attempt denied because an active session has been found
1713933114946	Marionette	WARN	Connection attempt denied because an active session has been found
1713933115049	Marionette	WARN	Connection attempt denied because an active session has been found
1713933115152	Marionette	WARN	Connection attempt denied because an active session has been found
1713933115254	Marionette	WARN	Connection attempt denied because an active session has been found
1713933115357	Marionette	WARN	Connection attempt denied because an active session has been found
1713933115459	Marionette	WARN	Connection attempt denied because an active session has been found
1713933115561	Marionette	WARN	Connection attempt denied because an active session has been found
1713933115663	Marionette	WARN	Connection attempt denied because an active session has been found
1713933115765	Marionette	WARN	Connection attempt denied because an active session has been found
1713933115868	Marionette	WARN	Connection attempt denied because an active session has been found
1713933115970	Marionette	WARN	Connection attempt denied because an active session has been found
1713933116072	Marionette	WARN	Connection attempt denied because an active session has been found
1713933116173	Marionette	WARN	Connection attempt denied because an active session has been found
1713933116276	Marionette	WARN	Connection attempt denied because an active session has been found
1713933116378	Marionette	WARN	Connection attempt denied because an active session has been found
1713933116481	Marionette	WARN	Connection attempt denied because an active session has been found
1713933116584	Marionette	WARN	Connection attempt denied because an active session has been found
1713933116686	Marionette	WARN	Connection attempt denied because an active session has been found
1713933116788	Marionette	WARN	Connection attempt denied because an active session has been found
1713933116890	Marionette	WARN	Connection attempt denied because an active session has been found
1713933116992	Marionette	WARN	Connection attempt denied because an active session has been found
1713933117094	Marionette	WARN	Connection attempt denied because an active session has been found
1713933117195	Marionette	WARN	Connection attempt denied because an active session has been found
1713933117297	Marionette	WARN	Connection attempt denied because an active session has been found
1713933117399	Marionette	WARN	Connection attempt denied because an active session has been found
1713933117500	Marionette	WARN	Connection attempt denied because an active session has been found
1713933117603	Marionette	WARN	Connection attempt denied because an active session has been found
1713933117706	Marionette	WARN	Connection attempt denied because an active session has been found
1713933117808	Marionette	WARN	Connection attempt denied because an active session has been found
1713933117910	Marionette	WARN	Connection attempt denied because an active session has been found
1713933118012	Marionette	WARN	Connection attempt denied because an active session has been found
1713933118116	Marionette	WARN	Connection attempt denied because an active session has been found
1713933118219	Marionette	WARN	Connection attempt denied because an active session has been found
1713933118322	Marionette	WARN	Connection attempt denied because an active session has been found
1713933118425	Marionette	WARN	Connection attempt denied because an active session has been found
1713933118528	Marionette	WARN	Connection attempt denied because an active session has been found
1713933118631	Marionette	WARN	Connection attempt denied because an active session has been found
1713933118733	Marionette	WARN	Connection attempt denied because an active session has been found
1713933118836	Marionette	WARN	Connection attempt denied because an active session has been found
1713933118939	Marionette	WARN	Connection attempt denied because an active session has been found
1713933119042	Marionette	WARN	Connection attempt denied because an active session has been found
1713933119143	Marionette	WARN	Connection attempt denied because an active session has been found
1713933119245	Marionette	WARN	Connection attempt denied because an active session has been found
1713933119347	Marionette	WARN	Connection attempt denied because an active session has been found
1713933119449	Marionette	WARN	Connection attempt denied because an active session has been found
1713933119551	Marionette	WARN	Connection attempt denied because an active session has been found
1713933119653	Marionette	WARN	Connection attempt denied because an active session has been found
1713933119754	Marionette	WARN	Connection attempt denied because an active session has been found
1713933119856	Marionette	WARN	Connection attempt denied because an active session has been found
1713933119959	Marionette	WARN	Connection attempt denied because an active session has been found
1713933120061	Marionette	WARN	Connection attempt denied because an active session has been found
1713933120163	Marionette	WARN	Connection attempt denied because an active session has been found
1713933120265	Marionette	WARN	Connection attempt denied because an active session has been found
1713933120367	Marionette	WARN	Connection attempt denied because an active session has been found
1713933120469	Marionette	WARN	Connection attempt denied because an active session has been found
1713933120571	Marionette	WARN	Connection attempt denied because an active session has been found
1713933120674	Marionette	WARN	Connection attempt denied because an active session has been found
1713933120776	Marionette	WARN	Connection attempt denied because an active session has been found
1713933120878	Marionette	WARN	Connection attempt denied because an active session has been found
1713933120980	Marionette	WARN	Connection attempt denied because an active session has been found
1713933121082	Marionette	WARN	Connection attempt denied because an active session has been found
1713933121185	Marionette	WARN	Connection attempt denied because an active session has been found
1713933121288	Marionette	WARN	Connection attempt denied because an active session has been found
1713933121390	Marionette	WARN	Connection attempt denied because an active session has been found
1713933121492	Marionette	WARN	Connection attempt denied because an active session has been found
1713933121593	Marionette	WARN	Connection attempt denied because an active session has been found
1713933121695	Marionette	WARN	Connection attempt denied because an active session has been found
1713933121797	Marionette	WARN	Connection attempt denied because an active session has been found
1713933121899	Marionette	WARN	Connection attempt denied because an active session has been found
1713933122001	Marionette	WARN	Connection attempt denied because an active session has been found
1713933122103	Marionette	WARN	Connection attempt denied because an active session has been found
1713933122205	Marionette	WARN	Connection attempt denied because an active session has been found
1713933122307	Marionette	WARN	Connection attempt denied because an active session has been found
1713933122410	Marionette	WARN	Connection attempt denied because an active session has been found
1713933122512	Marionette	WARN	Connection attempt denied because an active session has been found
1713933122614	Marionette	WARN	Connection attempt denied because an active session has been found
1713933122716	Marionette	WARN	Connection attempt denied because an active session has been found
1713933122819	Marionette	WARN	Connection attempt denied because an active session has been found
1713933122921	Marionette	WARN	Connection attempt denied because an active session has been found
1713933123023	Marionette	WARN	Connection attempt denied because an active session has been found
1713933123125	Marionette	WARN	Connection attempt denied because an active session has been found
1713933123227	Marionette	WARN	Connection attempt denied because an active session has been found
1713933123330	Marionette	WARN	Connection attempt denied because an active session has been found
1713933123432	Marionette	WARN	Connection attempt denied because an active session has been found
1713933123534	Marionette	WARN	Connection attempt denied because an active session has been found
1713933123636	Marionette	WARN	Connection attempt denied because an active session has been found
1713933123739	Marionette	WARN	Connection attempt denied because an active session has been found
1713933123841	Marionette	WARN	Connection attempt denied because an active session has been found
1713933123942	Marionette	WARN	Connection attempt denied because an active session has been found
1713933124044	Marionette	WARN	Connection attempt denied because an active session has been found
1713933124147	Marionette	WARN	Connection attempt denied because an active session has been found
1713933124249	Marionette	WARN	Connection attempt denied because an active session has been found
1713933124352	Marionette	WARN	Connection attempt denied because an active session has been found
1713933124455	Marionette	WARN	Connection attempt denied because an active session has been found
1713933124557	Marionette	WARN	Connection attempt denied because an active session has been found
1713933124659	Marionette	WARN	Connection attempt denied because an active session has been found
1713933124761	Marionette	WARN	Connection attempt denied because an active session has been found
1713933124863	Marionette	WARN	Connection attempt denied because an active session has been found
1713933124966	Marionette	WARN	Connection attempt denied because an active session has been found
1713933125067	Marionette	WARN	Connection attempt denied because an active session has been found
1713933125169	Marionette	WARN	Connection attempt denied because an active session has been found
1713933125272	Marionette	WARN	Connection attempt denied because an active session has been found
1713933125375	Marionette	WARN	Connection attempt denied because an active session has been found
1713933125478	Marionette	WARN	Connection attempt denied because an active session has been found
1713933125581	Marionette	WARN	Connection attempt denied because an active session has been found
1713933125683	Marionette	WARN	Connection attempt denied because an active session has been found
1713933125786	Marionette	WARN	Connection attempt denied because an active session has been found
1713933125890	Marionette	WARN	Connection attempt denied because an active session has been found
1713933125992	Marionette	WARN	Connection attempt denied because an active session has been found
1713933126094	Marionette	WARN	Connection attempt denied because an active session has been found
1713933126196	Marionette	WARN	Connection attempt denied because an active session has been found
1713933126299	Marionette	WARN	Connection attempt denied because an active session has been found
1713933126402	Marionette	WARN	Connection attempt denied because an active session has been found
1713933126505	Marionette	WARN	Connection attempt denied because an active session has been found
1713933126608	Marionette	WARN	Connection attempt denied because an active session has been found
1713933126711	Marionette	WARN	Connection attempt denied because an active session has been found
1713933126813	Marionette	WARN	Connection attempt denied because an active session has been found
1713933126916	Marionette	WARN	Connection attempt denied because an active session has been found
1713933127018	Marionette	WARN	Connection attempt denied because an active session has been found
1713933127121	Marionette	WARN	Connection attempt denied because an active session has been found
1713933127222	Marionette	WARN	Connection attempt denied because an active session has been found
1713933127324	Marionette	WARN	Connection attempt denied because an active session has been found
1713933127426	Marionette	WARN	Connection attempt denied because an active session has been found
1713933127528	Marionette	WARN	Connection attempt denied because an active session has been found
1713933127630	Marionette	WARN	Connection attempt denied because an active session has been found
1713933127731	Marionette	WARN	Connection attempt denied because an active session has been found
1713933127833	Marionette	WARN	Connection attempt denied because an active session has been found
1713933127936	Marionette	WARN	Connection attempt denied because an active session has been found
1713933128038	Marionette	WARN	Connection attempt denied because an active session has been found
1713933128140	Marionette	WARN	Connection attempt denied because an active session has been found
1713933128242	Marionette	WARN	Connection attempt denied because an active session has been found
1713933128344	Marionette	WARN	Connection attempt denied because an active session has been found
1713933128446	Marionette	WARN	Connection attempt denied because an active session has been found
1713933128548	Marionette	WARN	Connection attempt denied because an active session has been found
1713933128651	Marionette	WARN	Connection attempt denied because an active session has been found
1713933128755	Marionette	WARN	Connection attempt denied because an active session has been found
1713933128857	Marionette	WARN	Connection attempt denied because an active session has been found
1713933128960	Marionette	WARN	Connection attempt denied because an active session has been found
1713933129062	Marionette	WARN	Connection attempt denied because an active session has been found
1713933129164	Marionette	WARN	Connection attempt denied because an active session has been found
1713933129266	Marionette	WARN	Connection attempt denied because an active session has been found
1713933129370	Marionette	WARN	Connection attempt denied because an active session has been found
1713933129473	Marionette	WARN	Connection attempt denied because an active session has been found
1713933129575	Marionette	WARN	Connection attempt denied because an active session has been found
1713933129677	Marionette	WARN	Connection attempt denied because an active session has been found
1713933129780	Marionette	WARN	Connection attempt denied because an active session has been found
1713933129883	Marionette	WARN	Connection attempt denied because an active session has been found
1713933129985	Marionette	WARN	Connection attempt denied because an active session has been found
1713933130087	Marionette	WARN	Connection attempt denied because an active session has been found
1713933130190	Marionette	WARN	Connection attempt denied because an active session has been found
1713933130293	Marionette	WARN	Connection attempt denied because an active session has been found
1713933130396	Marionette	WARN	Connection attempt denied because an active session has been found
1713933130500	Marionette	WARN	Connection attempt denied because an active session has been found
1713933130603	Marionette	WARN	Connection attempt denied because an active session has been found
1713933130705	Marionette	WARN	Connection attempt denied because an active session has been found
1713933130808	Marionette	WARN	Connection attempt denied because an active session has been found
1713933130911	Marionette	WARN	Connection attempt denied because an active session has been found
1713933131014	Marionette	WARN	Connection attempt denied because an active session has been found
1713933131117	Marionette	WARN	Connection attempt denied because an active session has been found
1713933131219	Marionette	WARN	Connection attempt denied because an active session has been found
1713933131322	Marionette	WARN	Connection attempt denied because an active session has been found
1713933131424	Marionette	WARN	Connection attempt denied because an active session has been found
1713933131527	Marionette	WARN	Connection attempt denied because an active session has been found
1713933131630	Marionette	WARN	Connection attempt denied because an active session has been found
1713933131734	Marionette	WARN	Connection attempt denied because an active session has been found
1713933131837	Marionette	WARN	Connection attempt denied because an active session has been found
1713933131940	Marionette	WARN	Connection attempt denied because an active session has been found
1713933132043	Marionette	WARN	Connection attempt denied because an active session has been found
1713933132145	Marionette	WARN	Connection attempt denied because an active session has been found
1713933132246	Marionette	WARN	Connection attempt denied because an active session has been found
1713933132349	Marionette	WARN	Connection attempt denied because an active session has been found
1713933132453	Marionette	WARN	Connection attempt denied because an active session has been found
1713933132555	Marionette	WARN	Connection attempt denied because an active session has been found
1713933132658	Marionette	WARN	Connection attempt denied because an active session has been found
1713933132760	Marionette	WARN	Connection attempt denied because an active session has been found
1713933132863	Marionette	WARN	Connection attempt denied because an active session has been found
1713933132966	Marionette	WARN	Connection attempt denied because an active session has been found
1713933133069	Marionette	WARN	Connection attempt denied because an active session has been found
1713933133171	Marionette	WARN	Connection attempt denied because an active session has been found
1713933133274	Marionette	WARN	Connection attempt denied because an active session has been found
1713933133377	Marionette	WARN	Connection attempt denied because an active session has been found
1713933133480	Marionette	WARN	Connection attempt denied because an active session has been found
1713933133583	Marionette	WARN	Connection attempt denied because an active session has been found
1713933133687	Marionette	WARN	Connection attempt denied because an active session has been found
1713933133790	Marionette	WARN	Connection attempt denied because an active session has been found
1713933133893	Marionette	WARN	Connection attempt denied because an active session has been found
1713933133996	Marionette	WARN	Connection attempt denied because an active session has been found
1713933134098	Marionette	WARN	Connection attempt denied because an active session has been found
1713933134200	Marionette	WARN	Connection attempt denied because an active session has been found
1713933134302	Marionette	WARN	Connection attempt denied because an active session has been found
1713933134405	Marionette	WARN	Connection attempt denied because an active session has been found
1713933134507	Marionette	WARN	Connection attempt denied because an active session has been found
1713933134609	Marionette	WARN	Connection attempt denied because an active session has been found
1713933134713	Marionette	WARN	Connection attempt denied because an active session has been found
1713933134816	Marionette	WARN	Connection attempt denied because an active session has been found
1713933134919	Marionette	WARN	Connection attempt denied because an active session has been found
1713933135023	Marionette	WARN	Connection attempt denied because an active session has been found
1713933135126	Marionette	WARN	Connection attempt denied because an active session has been found
1713933135228	Marionette	WARN	Connection attempt denied because an active session has been found
1713933135332	Marionette	WARN	Connection attempt denied because an active session has been found
1713933135434	Marionette	WARN	Connection attempt denied because an active session has been found
1713933135538	Marionette	WARN	Connection attempt denied because an active session has been found
1713933135641	Marionette	WARN	Connection attempt denied because an active session has been found
1713933135744	Marionette	WARN	Connection attempt denied because an active session has been found
1713933135847	Marionette	WARN	Connection attempt denied because an active session has been found
1713933135949	Marionette	WARN	Connection attempt denied because an active session has been found
1713933136051	Marionette	WARN	Connection attempt denied because an active session has been found
1713933136154	Marionette	WARN	Connection attempt denied because an active session has been found
1713933136257	Marionette	WARN	Connection attempt denied because an active session has been found
1713933136360	Marionette	WARN	Connection attempt denied because an active session has been found
1713933136463	Marionette	WARN	Connection attempt denied because an active session has been found
1713933136566	Marionette	WARN	Connection attempt denied because an active session has been found
1713933136670	Marionette	WARN	Connection attempt denied because an active session has been found
1713933136772	Marionette	WARN	Connection attempt denied because an active session has been found
1713933136873	Marionette	WARN	Connection attempt denied because an active session has been found
1713933136976	Marionette	WARN	Connection attempt denied because an active session has been found
1713933137078	Marionette	WARN	Connection attempt denied because an active session has been found
1713933137180	Marionette	WARN	Connection attempt denied because an active session has been found
1713933137282	Marionette	WARN	Connection attempt denied because an active session has been found
1713933137384	Marionette	WARN	Connection attempt denied because an active session has been found
1713933137487	Marionette	WARN	Connection attempt denied because an active session has been found
1713933137590	Marionette	WARN	Connection attempt denied because an active session has been found
1713933137693	Marionette	WARN	Connection attempt denied because an active session has been found
1713933137796	Marionette	WARN	Connection attempt denied because an active session has been found
1713933137898	Marionette	WARN	Connection attempt denied because an active session has been found
1713933138000	Marionette	WARN	Connection attempt denied because an active session has been found
1713933138102	Marionette	WARN	Connection attempt denied because an active session has been found
1713933138204	Marionette	WARN	Connection attempt denied because an active session has been found
1713933138306	Marionette	WARN	Connection attempt denied because an active session has been found
1713933138408	Marionette	WARN	Connection attempt denied because an active session has been found
1713933138511	Marionette	WARN	Connection attempt denied because an active session has been found
1713933138614	Marionette	WARN	Connection attempt denied because an active session has been found
1713933138717	Marionette	WARN	Connection attempt denied because an active session has been found
1713933138819	Marionette	WARN	Connection attempt denied because an active session has been found
1713933138921	Marionette	WARN	Connection attempt denied because an active session has been found
1713933139023	Marionette	WARN	Connection attempt denied because an active session has been found
1713933139126	Marionette	WARN	Connection attempt denied because an active session has been found
1713933139229	Marionette	WARN	Connection attempt denied because an active session has been found
1713933139333	Marionette	WARN	Connection attempt denied because an active session has been found
1713933139435	Marionette	WARN	Connection attempt denied because an active session has been found
1713933139539	Marionette	WARN	Connection attempt denied because an active session has been found
1713933139642	Marionette	WARN	Connection attempt denied because an active session has been found
1713933139745	Marionette	WARN	Connection attempt denied because an active session has been found
1713933139849	Marionette	WARN	Connection attempt denied because an active session has been found
1713933139951	Marionette	WARN	Connection attempt denied because an active session has been found
1713933140055	Marionette	WARN	Connection attempt denied because an active session has been found
1713933140157	Marionette	WARN	Connection attempt denied because an active session has been found
1713933140259	Marionette	WARN	Connection attempt denied because an active session has been found
1713933140362	Marionette	WARN	Connection attempt denied because an active session has been found
1713933140463	Marionette	WARN	Connection attempt denied because an active session has been found
1713933140565	Marionette	WARN	Connection attempt denied because an active session has been found
1713933140667	Marionette	WARN	Connection attempt denied because an active session has been found
1713933140770	Marionette	WARN	Connection attempt denied because an active session has been found
1713933140872	Marionette	WARN	Connection attempt denied because an active session has been found
1713933140974	Marionette	WARN	Connection attempt denied because an active session has been found
1713933141077	Marionette	WARN	Connection attempt denied because an active session has been found
1713933141180	Marionette	WARN	Connection attempt denied because an active session has been found
1713933141282	Marionette	WARN	Connection attempt denied because an active session has been found
1713933141385	Marionette	WARN	Connection attempt denied because an active session has been found
1713933141488	Marionette	WARN	Connection attempt denied because an active session has been found
1713933141590	Marionette	WARN	Connection attempt denied because an active session has been found
1713933141693	Marionette	WARN	Connection attempt denied because an active session has been found
1713933141795	Marionette	WARN	Connection attempt denied because an active session has been found
1713933141898	Marionette	WARN	Connection attempt denied because an active session has been found
1713933142000	Marionette	WARN	Connection attempt denied because an active session has been found
1713933142102	Marionette	WARN	Connection attempt denied because an active session has been found
1713933142204	Marionette	WARN	Connection attempt denied because an active session has been found
1713933142306	Marionette	WARN	Connection attempt denied because an active session has been found
1713933142409	Marionette	WARN	Connection attempt denied because an active session has been found
1713933142511	Marionette	WARN	Connection attempt denied because an active session has been found
1713933142614	Marionette	WARN	Connection attempt denied because an active session has been found
1713933142718	Marionette	WARN	Connection attempt denied because an active session has been found
1713933142822	Marionette	WARN	Connection attempt denied because an active session has been found
1713933142924	Marionette	WARN	Connection attempt denied because an active session has been found
1713933143026	Marionette	WARN	Connection attempt denied because an active session has been found
1713933143127	Marionette	WARN	Connection attempt denied because an active session has been found
1713933143229	Marionette	WARN	Connection attempt denied because an active session has been found
1713933143331	Marionette	WARN	Connection attempt denied because an active session has been found
1713933143433	Marionette	WARN	Connection attempt denied because an active session has been found
1713933143535	Marionette	WARN	Connection attempt denied because an active session has been found
1713933143637	Marionette	WARN	Connection attempt denied because an active session has been found
1713933143739	Marionette	WARN	Connection attempt denied because an active session has been found
1713933143842	Marionette	WARN	Connection attempt denied because an active session has been found
1713933143944	Marionette	WARN	Connection attempt denied because an active session has been found
1713933144046	Marionette	WARN	Connection attempt denied because an active session has been found
1713933144148	Marionette	WARN	Connection attempt denied because an active session has been found
1713933144250	Marionette	WARN	Connection attempt denied because an active session has been found
1713933144352	Marionette	WARN	Connection attempt denied because an active session has been found
1713933144454	Marionette	WARN	Connection attempt denied because an active session has been found
1713933144556	Marionette	WARN	Connection attempt denied because an active session has been found
1713933144658	Marionette	WARN	Connection attempt denied because an active session has been found
1713933144760	Marionette	WARN	Connection attempt denied because an active session has been found
1713933144863	Marionette	WARN	Connection attempt denied because an active session has been found
1713933144966	Marionette	WARN	Connection attempt denied because an active session has been found
1713933145069	Marionette	WARN	Connection attempt denied because an active session has been found
1713933145171	Marionette	WARN	Connection attempt denied because an active session has been found
1713933145273	Marionette	WARN	Connection attempt denied because an active session has been found
1713933145376	Marionette	WARN	Connection attempt denied because an active session has been found
1713933145478	Marionette	WARN	Connection attempt denied because an active session has been found
1713933145582	Marionette	WARN	Connection attempt denied because an active session has been found
1713933145685	Marionette	WARN	Connection attempt denied because an active session has been found
1713933145787	Marionette	WARN	Connection attempt denied because an active session has been found
1713933145890	Marionette	WARN	Connection attempt denied because an active session has been found
1713933145992	Marionette	WARN	Connection attempt denied because an active session has been found
1713933146094	Marionette	WARN	Connection attempt denied because an active session has been found
1713933146197	Marionette	WARN	Connection attempt denied because an active session has been found
1713933146300	Marionette	WARN	Connection attempt denied because an active session has been found
1713933146402	Marionette	WARN	Connection attempt denied because an active session has been found
1713933146504	Marionette	WARN	Connection attempt denied because an active session has been found
1713933146607	Marionette	WARN	Connection attempt denied because an active session has been found
1713933146710	Marionette	WARN	Connection attempt denied because an active session has been found
1713933146813	Marionette	WARN	Connection attempt denied because an active session has been found
1713933146916	Marionette	WARN	Connection attempt denied because an active session has been found
1713933147019	Marionette	WARN	Connection attempt denied because an active session has been found
1713933147121	Marionette	WARN	Connection attempt denied because an active session has been found
1713933147224	Marionette	WARN	Connection attempt denied because an active session has been found
1713933147327	Marionette	WARN	Connection attempt denied because an active session has been found
1713933147429	Marionette	WARN	Connection attempt denied because an active session has been found
1713933147531	Marionette	WARN	Connection attempt denied because an active session has been found
1713933147634	Marionette	WARN	Connection attempt denied because an active session has been found
1713933147737	Marionette	WARN	Connection attempt denied because an active session has been found
1713933147840	Marionette	WARN	Connection attempt denied because an active session has been found
1713933147942	Marionette	WARN	Connection attempt denied because an active session has been found
1713933148044	Marionette	WARN	Connection attempt denied because an active session has been found
1713933148146	Marionette	WARN	Connection attempt denied because an active session has been found
1713933148249	Marionette	WARN	Connection attempt denied because an active session has been found
1713933148352	Marionette	WARN	Connection attempt denied because an active session has been found
1713933148456	Marionette	WARN	Connection attempt denied because an active session has been found
1713933148558	Marionette	WARN	Connection attempt denied because an active session has been found
1713933148661	Marionette	WARN	Connection attempt denied because an active session has been found
1713933148764	Marionette	WARN	Connection attempt denied because an active session has been found
